{"/home/simplon/Documents/exercices/62_td-rover-js/index.js": {"path":"/home/simplon/Documents/exercices/62_td-rover-js/index.js","statementMap":{"0":{"start":{"line":1,"column":0},"end":{"line":66,"column":1}},"1":{"start":{"line":3,"column":13},"end":{"line":61,"column":2}},"2":{"start":{"line":9,"column":3},"end":{"line":24,"column":4}},"3":{"start":{"line":10,"column":4},"end":{"line":10,"column":23}},"4":{"start":{"line":11,"column":4},"end":{"line":11,"column":20}},"5":{"start":{"line":13,"column":8},"end":{"line":24,"column":4}},"6":{"start":{"line":14,"column":4},"end":{"line":14,"column":20}},"7":{"start":{"line":15,"column":4},"end":{"line":15,"column":23}},"8":{"start":{"line":17,"column":8},"end":{"line":24,"column":4}},"9":{"start":{"line":18,"column":4},"end":{"line":18,"column":23}},"10":{"start":{"line":19,"column":4},"end":{"line":19,"column":20}},"11":{"start":{"line":21,"column":8},"end":{"line":24,"column":4}},"12":{"start":{"line":22,"column":4},"end":{"line":22,"column":20}},"13":{"start":{"line":23,"column":4},"end":{"line":23,"column":23}},"14":{"start":{"line":28,"column":3},"end":{"line":43,"column":4}},"15":{"start":{"line":29,"column":4},"end":{"line":29,"column":23}},"16":{"start":{"line":30,"column":4},"end":{"line":30,"column":20}},"17":{"start":{"line":32,"column":8},"end":{"line":43,"column":4}},"18":{"start":{"line":33,"column":4},"end":{"line":33,"column":20}},"19":{"start":{"line":34,"column":4},"end":{"line":34,"column":23}},"20":{"start":{"line":36,"column":8},"end":{"line":43,"column":4}},"21":{"start":{"line":37,"column":4},"end":{"line":37,"column":23}},"22":{"start":{"line":38,"column":4},"end":{"line":38,"column":20}},"23":{"start":{"line":40,"column":8},"end":{"line":43,"column":4}},"24":{"start":{"line":41,"column":4},"end":{"line":41,"column":20}},"25":{"start":{"line":42,"column":4},"end":{"line":42,"column":23}},"26":{"start":{"line":47,"column":3},"end":{"line":58,"column":4}},"27":{"start":{"line":48,"column":4},"end":{"line":48,"column":25}},"28":{"start":{"line":50,"column":8},"end":{"line":58,"column":4}},"29":{"start":{"line":51,"column":4},"end":{"line":51,"column":25}},"30":{"start":{"line":53,"column":8},"end":{"line":58,"column":4}},"31":{"start":{"line":54,"column":4},"end":{"line":54,"column":25}},"32":{"start":{"line":56,"column":8},"end":{"line":58,"column":4}},"33":{"start":{"line":57,"column":4},"end":{"line":57,"column":25}},"34":{"start":{"line":63,"column":1},"end":{"line":63,"column":14}}},"fnMap":{"0":{"name":"(anonymous_0)","decl":{"start":{"line":1,"column":17},"end":{"line":1,"column":18}},"loc":{"start":{"line":1,"column":28},"end":{"line":66,"column":1}}},"1":{"name":"(anonymous_1)","decl":{"start":{"line":8,"column":11},"end":{"line":8,"column":12}},"loc":{"start":{"line":8,"column":22},"end":{"line":25,"column":3}}},"2":{"name":"(anonymous_2)","decl":{"start":{"line":27,"column":12},"end":{"line":27,"column":13}},"loc":{"start":{"line":27,"column":23},"end":{"line":44,"column":3}}},"3":{"name":"(anonymous_3)","decl":{"start":{"line":46,"column":9},"end":{"line":46,"column":10}},"loc":{"start":{"line":46,"column":20},"end":{"line":59,"column":3}}}},"branchMap":{"0":{"loc":{"start":{"line":9,"column":3},"end":{"line":24,"column":4}},"type":"if","locations":[{"start":{"line":9,"column":3},"end":{"line":24,"column":4}},{"start":{"line":9,"column":3},"end":{"line":24,"column":4}}]},"1":{"loc":{"start":{"line":13,"column":8},"end":{"line":24,"column":4}},"type":"if","locations":[{"start":{"line":13,"column":8},"end":{"line":24,"column":4}},{"start":{"line":13,"column":8},"end":{"line":24,"column":4}}]},"2":{"loc":{"start":{"line":17,"column":8},"end":{"line":24,"column":4}},"type":"if","locations":[{"start":{"line":17,"column":8},"end":{"line":24,"column":4}},{"start":{"line":17,"column":8},"end":{"line":24,"column":4}}]},"3":{"loc":{"start":{"line":21,"column":8},"end":{"line":24,"column":4}},"type":"if","locations":[{"start":{"line":21,"column":8},"end":{"line":24,"column":4}},{"start":{"line":21,"column":8},"end":{"line":24,"column":4}}]},"4":{"loc":{"start":{"line":28,"column":3},"end":{"line":43,"column":4}},"type":"if","locations":[{"start":{"line":28,"column":3},"end":{"line":43,"column":4}},{"start":{"line":28,"column":3},"end":{"line":43,"column":4}}]},"5":{"loc":{"start":{"line":32,"column":8},"end":{"line":43,"column":4}},"type":"if","locations":[{"start":{"line":32,"column":8},"end":{"line":43,"column":4}},{"start":{"line":32,"column":8},"end":{"line":43,"column":4}}]},"6":{"loc":{"start":{"line":36,"column":8},"end":{"line":43,"column":4}},"type":"if","locations":[{"start":{"line":36,"column":8},"end":{"line":43,"column":4}},{"start":{"line":36,"column":8},"end":{"line":43,"column":4}}]},"7":{"loc":{"start":{"line":40,"column":8},"end":{"line":43,"column":4}},"type":"if","locations":[{"start":{"line":40,"column":8},"end":{"line":43,"column":4}},{"start":{"line":40,"column":8},"end":{"line":43,"column":4}}]},"8":{"loc":{"start":{"line":47,"column":3},"end":{"line":58,"column":4}},"type":"if","locations":[{"start":{"line":47,"column":3},"end":{"line":58,"column":4}},{"start":{"line":47,"column":3},"end":{"line":58,"column":4}}]},"9":{"loc":{"start":{"line":50,"column":8},"end":{"line":58,"column":4}},"type":"if","locations":[{"start":{"line":50,"column":8},"end":{"line":58,"column":4}},{"start":{"line":50,"column":8},"end":{"line":58,"column":4}}]},"10":{"loc":{"start":{"line":53,"column":8},"end":{"line":58,"column":4}},"type":"if","locations":[{"start":{"line":53,"column":8},"end":{"line":58,"column":4}},{"start":{"line":53,"column":8},"end":{"line":58,"column":4}}]},"11":{"loc":{"start":{"line":56,"column":8},"end":{"line":58,"column":4}},"type":"if","locations":[{"start":{"line":56,"column":8},"end":{"line":58,"column":4}},{"start":{"line":56,"column":8},"end":{"line":58,"column":4}}]}},"s":{"0":1,"1":8,"2":10,"3":5,"4":5,"5":5,"6":3,"7":3,"8":2,"9":1,"10":1,"11":1,"12":1,"13":1,"14":5,"15":2,"16":2,"17":3,"18":1,"19":1,"20":2,"21":1,"22":1,"23":1,"24":1,"25":1,"26":8,"27":4,"28":4,"29":2,"30":2,"31":1,"32":1,"33":1,"34":8},"f":{"0":8,"1":10,"2":5,"3":8},"b":{"0":[5,5],"1":[3,2],"2":[1,1],"3":[1,0],"4":[2,3],"5":[1,2],"6":[1,1],"7":[1,0],"8":[4,4],"9":[2,2],"10":[1,1],"11":[1,0]},"_coverageSchema":"332fd63041d2c1bcb487cc26dd0d5f7d97098a6c","hash":"20372f5e20ac026b8018cb3b08a6d846311d9893"}
}
