TN:
SF:/home/simplon/Documents/exercices/62_td-rover-js/index.js
FN:1,(anonymous_0)
FN:8,(anonymous_1)
FN:27,(anonymous_2)
FN:46,(anonymous_3)
FNF:4
FNH:4
FNDA:8,(anonymous_0)
FNDA:10,(anonymous_1)
FNDA:5,(anonymous_2)
FNDA:8,(anonymous_3)
DA:1,1
DA:3,8
DA:9,10
DA:10,5
DA:11,5
DA:13,5
DA:14,3
DA:15,3
DA:17,2
DA:18,1
DA:19,1
DA:21,1
DA:22,1
DA:23,1
DA:28,5
DA:29,2
DA:30,2
DA:32,3
DA:33,1
DA:34,1
DA:36,2
DA:37,1
DA:38,1
DA:40,1
DA:41,1
DA:42,1
DA:47,8
DA:48,4
DA:50,4
DA:51,2
DA:53,2
DA:54,1
DA:56,1
DA:57,1
DA:63,8
LF:35
LH:35
BRDA:9,0,0,5
BRDA:9,0,1,5
BRDA:13,1,0,3
BRDA:13,1,1,2
BRDA:17,2,0,1
BRDA:17,2,1,1
BRDA:21,3,0,1
BRDA:21,3,1,0
BRDA:28,4,0,2
BRDA:28,4,1,3
BRDA:32,5,0,1
BRDA:32,5,1,2
BRDA:36,6,0,1
BRDA:36,6,1,1
BRDA:40,7,0,1
BRDA:40,7,1,0
BRDA:47,8,0,4
BRDA:47,8,1,4
BRDA:50,9,0,2
BRDA:50,9,1,2
BRDA:53,10,0,1
BRDA:53,10,1,1
BRDA:56,11,0,1
BRDA:56,11,1,0
BRF:24
BRH:21
end_of_record
